# JRE version: OpenJDK Runtime Environment Corretto-11.0.10.9.1 (11.0.10+9) (build 11.0.10+9-LTS)
# Java VM: OpenJDK 64-Bit Server VM Corretto-11.0.10.9.1 (11.0.10+9-LTS, mixed mode, tiered, compressed oops, g1 gc, bsd-amd64)
Heap:
 garbage-first heap   total 315392K, used 209563K [0x0000000700000000, 0x0000000800000000)
  region size 1024K, 178 young (182272K), 22 survivors (22528K)
 Metaspace       used 43716K, capacity 45084K, committed 45360K, reserved 1089536K
  class space    used 4603K, capacity 4976K, committed 4992K, reserved 1048576K
GC Heap History (16 events):
Event: 0.662 GC heap before
{Heap before GC invocations=0 (full 0):
 garbage-first heap   total 262144K, used 23552K [0x0000000700000000, 0x0000000800000000)
  region size 1024K, 24 young (24576K), 0 survivors (0K)
 Metaspace       used 13358K, capacity 13588K, committed 13824K, reserved 1060864K
  class space    used 1355K, capacity 1423K, committed 1536K, reserved 1048576K
}
Event: 0.666 GC heap after
{Heap after GC invocations=1 (full 0):
 garbage-first heap   total 262144K, used 3666K [0x0000000700000000, 0x0000000800000000)
  region size 1024K, 3 young (3072K), 3 survivors (3072K)
 Metaspace       used 13358K, capacity 13588K, committed 13824K, reserved 1060864K
  class space    used 1355K, capacity 1423K, committed 1536K, reserved 1048576K
}
Event: 1.445 GC heap before
{Heap before GC invocations=1 (full 0):
 garbage-first heap   total 262144K, used 53842K [0x0000000700000000, 0x0000000800000000)
  region size 1024K, 53 young (54272K), 3 survivors (3072K)
 Metaspace       used 20603K, capacity 20941K, committed 21296K, reserved 1069056K
  class space    used 2221K, capacity 2320K, committed 2432K, reserved 1048576K
}
Event: 1.457 GC heap after
{Heap after GC invocations=2 (full 0):
 garbage-first heap   total 262144K, used 6738K [0x0000000700000000, 0x0000000800000000)
  region size 1024K, 6 young (6144K), 6 survivors (6144K)
 Metaspace       used 20603K, capacity 20941K, committed 21296K, reserved 1069056K
  class space    used 2221K, capacity 2320K, committed 2432K, reserved 1048576K
}
Event: 2.198 GC heap before
{Heap before GC invocations=3 (full 0):
 garbage-first heap   total 262144K, used 66130K [0x0000000700000000, 0x0000000800000000)
  region size 1024K, 64 young (65536K), 6 survivors (6144K)
 Metaspace       used 22529K, capacity 22959K, committed 23472K, reserved 1071104K
  class space    used 2371K, capacity 2500K, committed 2560K, reserved 1048576K
}
Event: 2.211 GC heap after
{Heap after GC invocations=4 (full 0):
 garbage-first heap   total 262144K, used 11686K [0x0000000700000000, 0x0000000800000000)
  region size 1024K, 8 young (8192K), 8 survivors (8192K)
 Metaspace       used 22529K, capacity 22959K, committed 23472K, reserved 1071104K
  class space    used 2371K, capacity 2500K, committed 2560K, reserved 1048576K
}
Event: 3.298 GC heap before
{Heap before GC invocations=4 (full 0):
 garbage-first heap   total 262144K, used 90534K [0x0000000700000000, 0x0000000800000000)
  region size 1024K, 85 young (87040K), 8 survivors (8192K)
 Metaspace       used 25817K, capacity 26484K, committed 26928K, reserved 1073152K
  class space    used 2670K, capacity 2868K, committed 2944K, reserved 1048576K
}
Event: 3.313 GC heap after
{Heap after GC invocations=5 (full 0):
 garbage-first heap   total 262144K, used 16466K [0x0000000700000000, 0x0000000800000000)
  region size 1024K, 10 young (10240K), 10 survivors (10240K)
 Metaspace       used 25817K, capacity 26484K, committed 26928K, reserved 1073152K
  class space    used 2670K, capacity 2868K, committed 2944K, reserved 1048576K
}
Event: 3.850 GC heap before
{Heap before GC invocations=5 (full 0):
 garbage-first heap   total 262144K, used 122962K [0x0000000700000000, 0x0000000800000000)
  region size 1024K, 112 young (114688K), 10 survivors (10240K)
 Metaspace       used 31909K, capacity 32624K, committed 33072K, reserved 1079296K
  class space    used 3395K, capacity 3640K, committed 3712K, reserved 1048576K
}
Event: 3.866 GC heap after
{Heap after GC invocations=6 (full 0):
 garbage-first heap   total 315392K, used 27700K [0x0000000700000000, 0x0000000800000000)
  region size 1024K, 14 young (14336K), 14 survivors (14336K)
 Metaspace       used 31909K, capacity 32624K, committed 33072K, reserved 1079296K
  class space    used 3395K, capacity 3640K, committed 3712K, reserved 1048576K
}
Event: 4.552 GC heap before
{Heap before GC invocations=6 (full 0):
 garbage-first heap   total 315392K, used 87092K [0x0000000700000000, 0x0000000800000000)
  region size 1024K, 74 young (75776K), 14 survivors (14336K)
 Metaspace       used 34721K, capacity 35625K, committed 35888K, reserved 1081344K
  class space    used 3690K, capacity 3952K, committed 3968K, reserved 1048576K
}
Event: 4.574 GC heap after
{Heap after GC invocations=7 (full 0):
 garbage-first heap   total 315392K, used 34782K [0x0000000700000000, 0x0000000800000000)
  region size 1024K, 16 young (16384K), 16 survivors (16384K)
 Metaspace       used 34721K, capacity 35625K, committed 35888K, reserved 1081344K
  class space    used 3690K, capacity 3952K, committed 3968K, reserved 1048576K
}
Event: 7.025 GC heap before
{Heap before GC invocations=8 (full 0):
 garbage-first heap   total 315392K, used 231390K [0x0000000700000000, 0x0000000800000000)
  region size 1024K, 184 young (188416K), 16 survivors (16384K)
 Metaspace       used 39609K, capacity 40674K, committed 40880K, reserved 1085440K
  class space    used 4179K, capacity 4531K, committed 4608K, reserved 1048576K
}
Event: 7.044 GC heap after
{Heap after GC invocations=9 (full 0):
 garbage-first heap   total 315392K, used 37203K [0x0000000700000000, 0x0000000800000000)
  region size 1024K, 13 young (13312K), 13 survivors (13312K)
 Metaspace       used 39609K, capacity 40674K, committed 40880K, reserved 1085440K
  class space    used 4179K, capacity 4531K, committed 4608K, reserved 1048576K
}
Event: 8.535 GC heap before
{Heap before GC invocations=9 (full 0):
 garbage-first heap   total 315392K, used 215379K [0x0000000700000000, 0x0000000800000000)
  region size 1024K, 184 young (188416K), 13 survivors (13312K)
 Metaspace       used 42109K, capacity 43277K, committed 43440K, reserved 1087488K
  class space    used 4423K, capacity 4800K, committed 4864K, reserved 1048576K
}
Event: 8.550 GC heap after
{Heap after GC invocations=10 (full 0):
 garbage-first heap   total 315392K, used 49819K [0x0000000700000000, 0x0000000800000000)
  region size 1024K, 22 young (22528K), 22 survivors (22528K)
 Metaspace       used 42109K, capacity 43277K, committed 43440K, reserved 1087488K
  class space    used 4423K, capacity 4800K, committed 4864K, reserved 1048576K
}

