# JRE version: OpenJDK Runtime Environment Corretto-11.0.10.9.1 (11.0.10+9) (build 11.0.10+9-LTS)
# Java VM: OpenJDK 64-Bit Server VM Corretto-11.0.10.9.1 (11.0.10+9-LTS, mixed mode, tiered, compressed oops, g1 gc, bsd-amd64)
Heap:
 garbage-first heap   total 378880K, used 29219K [0x0000000700000000, 0x0000000800000000)
  region size 1024K, 18 young (18432K), 16 survivors (16384K)
 Metaspace       used 58624K, capacity 60047K, committed 60492K, reserved 1101824K
  class space    used 7257K, capacity 7838K, committed 7884K, reserved 1048576K
GC Heap History (20 events):
Event: 0.471 GC heap before
{Heap before GC invocations=0 (full 0):
 garbage-first heap   total 262144K, used 24576K [0x0000000700000000, 0x0000000800000000)
  region size 1024K, 24 young (24576K), 0 survivors (0K)
 Metaspace       used 11065K, capacity 11391K, committed 11648K, reserved 1060864K
  class space    used 1070K, capacity 1147K, committed 1152K, reserved 1048576K
}
Event: 0.477 GC heap after
{Heap after GC invocations=1 (full 0):
 garbage-first heap   total 262144K, used 8344K [0x0000000700000000, 0x0000000800000000)
  region size 1024K, 3 young (3072K), 3 survivors (3072K)
 Metaspace       used 11065K, capacity 11391K, committed 11648K, reserved 1060864K
  class space    used 1070K, capacity 1147K, committed 1152K, reserved 1048576K
}
Event: 1.433 GC heap before
{Heap before GC invocations=1 (full 0):
 garbage-first heap   total 262144K, used 155800K [0x0000000700000000, 0x0000000800000000)
  region size 1024K, 149 young (152576K), 3 survivors (3072K)
 Metaspace       used 20592K, capacity 21221K, committed 21248K, reserved 1069056K
  class space    used 2275K, capacity 2540K, committed 2560K, reserved 1048576K
}
Event: 1.440 GC heap after
{Heap after GC invocations=2 (full 0):
 garbage-first heap   total 262144K, used 11104K [0x0000000700000000, 0x0000000800000000)
  region size 1024K, 6 young (6144K), 6 survivors (6144K)
 Metaspace       used 20592K, capacity 21221K, committed 21248K, reserved 1069056K
  class space    used 2275K, capacity 2540K, committed 2560K, reserved 1048576K
}
Event: 1.682 GC heap before
{Heap before GC invocations=3 (full 0):
 garbage-first heap   total 262144K, used 32608K [0x0000000700000000, 0x0000000800000000)
  region size 1024K, 28 young (28672K), 6 survivors (6144K)
 Metaspace       used 24404K, capacity 25195K, committed 25472K, reserved 1071104K
  class space    used 2775K, capacity 3079K, committed 3200K, reserved 1048576K
}
Event: 1.688 GC heap after
{Heap after GC invocations=4 (full 0):
 garbage-first heap   total 262144K, used 12126K [0x0000000700000000, 0x0000000800000000)
  region size 1024K, 2 young (2048K), 2 survivors (2048K)
 Metaspace       used 24404K, capacity 25195K, committed 25472K, reserved 1071104K
  class space    used 2775K, capacity 3079K, committed 3200K, reserved 1048576K
}
Event: 2.153 GC heap before
{Heap before GC invocations=4 (full 0):
 garbage-first heap   total 262144K, used 133982K [0x0000000700000000, 0x0000000800000000)
  region size 1024K, 122 young (124928K), 2 survivors (2048K)
 Metaspace       used 30105K, capacity 31025K, committed 31232K, reserved 1077248K
  class space    used 3458K, capacity 3809K, committed 3840K, reserved 1048576K
}
Event: 2.156 GC heap after
{Heap after GC invocations=5 (full 0):
 garbage-first heap   total 262144K, used 14647K [0x0000000700000000, 0x0000000800000000)
  region size 1024K, 4 young (4096K), 4 survivors (4096K)
 Metaspace       used 30105K, capacity 31025K, committed 31232K, reserved 1077248K
  class space    used 3458K, capacity 3809K, committed 3840K, reserved 1048576K
}
Event: 3.043 GC heap before
{Heap before GC invocations=5 (full 0):
 garbage-first heap   total 262144K, used 75063K [0x0000000700000000, 0x0000000800000000)
  region size 1024K, 64 young (65536K), 4 survivors (4096K)
 Metaspace       used 34543K, capacity 35642K, committed 35840K, reserved 1081344K
  class space    used 4086K, capacity 4548K, committed 4608K, reserved 1048576K
}
Event: 3.051 GC heap after
{Heap after GC invocations=6 (full 0):
 garbage-first heap   total 262144K, used 16606K [0x0000000700000000, 0x0000000800000000)
  region size 1024K, 6 young (6144K), 6 survivors (6144K)
 Metaspace       used 34543K, capacity 35642K, committed 35840K, reserved 1081344K
  class space    used 4086K, capacity 4548K, committed 4608K, reserved 1048576K
}
Event: 4.398 GC heap before
{Heap before GC invocations=7 (full 0):
 garbage-first heap   total 262144K, used 167134K [0x0000000700000000, 0x0000000800000000)
  region size 1024K, 153 young (156672K), 6 survivors (6144K)
 Metaspace       used 41474K, capacity 42718K, committed 43136K, reserved 1087488K
  class space    used 4948K, capacity 5462K, committed 5504K, reserved 1048576K
}
Event: 4.411 GC heap after
{Heap after GC invocations=8 (full 0):
 garbage-first heap   total 315392K, used 22153K [0x0000000700000000, 0x0000000800000000)
  region size 1024K, 11 young (11264K), 11 survivors (11264K)
 Metaspace       used 41474K, capacity 42718K, committed 43136K, reserved 1087488K
  class space    used 4948K, capacity 5462K, committed 5504K, reserved 1048576K
}
Event: 4.871 GC heap before
{Heap before GC invocations=8 (full 0):
 garbage-first heap   total 315392K, used 199305K [0x0000000700000000, 0x0000000800000000)
  region size 1024K, 184 young (188416K), 11 survivors (11264K)
 Metaspace       used 41600K, capacity 42847K, committed 43136K, reserved 1087488K
  class space    used 4948K, capacity 5462K, committed 5504K, reserved 1048576K
}
Event: 4.879 GC heap after
{Heap after GC invocations=9 (full 0):
 garbage-first heap   total 315392K, used 22933K [0x0000000700000000, 0x0000000800000000)
  region size 1024K, 12 young (12288K), 12 survivors (12288K)
 Metaspace       used 41600K, capacity 42847K, committed 43136K, reserved 1087488K
  class space    used 4948K, capacity 5462K, committed 5504K, reserved 1048576K
}
Event: 5.218 GC heap before
{Heap before GC invocations=9 (full 0):
 garbage-first heap   total 315392K, used 199061K [0x0000000700000000, 0x0000000800000000)
  region size 1024K, 184 young (188416K), 12 survivors (12288K)
 Metaspace       used 41759K, capacity 43071K, committed 43392K, reserved 1087488K
  class space    used 4967K, capacity 5494K, committed 5504K, reserved 1048576K
}
Event: 5.226 GC heap after
{Heap after GC invocations=10 (full 0):
 garbage-first heap   total 315392K, used 23053K [0x0000000700000000, 0x0000000800000000)
  region size 1024K, 12 young (12288K), 12 survivors (12288K)
 Metaspace       used 41759K, capacity 43071K, committed 43392K, reserved 1087488K
  class space    used 4967K, capacity 5494K, committed 5504K, reserved 1048576K
}
Event: 6.205 GC heap before
{Heap before GC invocations=10 (full 0):
 garbage-first heap   total 315392K, used 199181K [0x0000000700000000, 0x0000000800000000)
  region size 1024K, 184 young (188416K), 12 survivors (12288K)
 Metaspace       used 48854K, capacity 50178K, committed 50688K, reserved 1093632K
  class space    used 6123K, capacity 6647K, committed 6656K, reserved 1048576K
}
Event: 6.215 GC heap after
{Heap after GC invocations=11 (full 0):
 garbage-first heap   total 315392K, used 24814K [0x0000000700000000, 0x0000000800000000)
  region size 1024K, 14 young (14336K), 14 survivors (14336K)
 Metaspace       used 48854K, capacity 50178K, committed 50688K, reserved 1093632K
  class space    used 6123K, capacity 6647K, committed 6656K, reserved 1048576K
}
Event: 8.355 GC heap before
{Heap before GC invocations=11 (full 0):
 garbage-first heap   total 315392K, used 90350K [0x0000000700000000, 0x0000000800000000)
  region size 1024K, 79 young (80896K), 14 survivors (14336K)
 Metaspace       used 58356K, capacity 59718K, committed 60160K, reserved 1101824K
  class space    used 7210K, capacity 7771K, committed 7808K, reserved 1048576K
}
Event: 8.377 GC heap after
{Heap after GC invocations=12 (full 0):
 garbage-first heap   total 378880K, used 28195K [0x0000000700000000, 0x0000000800000000)
  region size 1024K, 16 young (16384K), 16 survivors (16384K)
 Metaspace       used 58356K, capacity 59718K, committed 60160K, reserved 1101824K
  class space    used 7210K, capacity 7771K, committed 7808K, reserved 1048576K
}

